Unity Player [version: Unity 5.4.0f3_a6d8d714de6f]

gameTest00.exe caused an Access Violation (0xc0000005)
  in module gameTest00.exe at 0023:c0000001.

Error occurred at 2016-09-24_181604.
C:\Users\Jeremy M. Barker\Documents\GitHub\HuskyGamesProject\BulletHellHGD\gameTest00.exe, run by Jeremy M. Barker.
35% memory in use.
0 MB physical memory [0 MB free].
0 MB paging file [0 MB free].
0 MB user address space [3700 MB free].
Write to location c0000001 caused an access violation.

Context:
EDI:    0x006b8088  ESI: 0xc0000001  EAX:   0x006cd738
EBX:    0x00000000  ECX: 0xc0000001  EDX:   0x67e95810
EIP:    0xc0000001  EBP: 0x004ffb7c  SegCs: 0x00000023
EFlags: 0x00210a06  ESP: 0x004ffb68  SegSs: 0x0000002b

Bytes at CS:EIP:
?? ?? ?? ?? ?? ?? ?? ?? ?? ?? ?? ?? ?? ?? ?? ?? 

Stack:
0x004ffb68: 67eb23b6 006b8088 0384fdf0 043aa2e0 .#.g..k.......:.
0x004ffb78: 6e6c63ae 004ffb90 012a315d 006b847c .cln..O.]1*.|.k.
0x004ffb88: 043ac770 00000001 004ffba8 0129c5d8 p.:.......O...).
0x004ffb98: 03848c70 043aa2e0 00000000 00000000 p.....:.........
0x004ffba8: 004ffbb4 0129d0cb 043aa2e0 004ffbdc ..O...)...:...O.
0x004ffbb8: 00dd8555 00000000 03e64a40 012b2e30 U.......@J..0.+.
0x004ffbc8: 00000000 043aa1e0 03e64a40 012b2f6b ......:.@J..k/+.
0x004ffbd8: 043a8a40 004ffbfc 012b059a 00000001 @.:...O...+.....
0x004ffbe8: 00000000 043a8a40 00000000 00124a40 ....@.:.....@J..
0x004ffbf8: 00124a3c 004ffc08 012b0d4b 043a8a40 <J....O.K.+.@.:.
0x004ffc08: 004ffd50 00dd84f3 00000000 00000001 P.O.............
0x004ffc18: 00edf03e 00ee173e 0130801b 00000000 >...>.....0.....
0x004ffc28: 002ea000 0383fc70 01c0003f 000001ff ....p...?.......
0x004ffc38: 00000000 00000063 0000006f 00000fff ....c...o.......
0x004ffc48: 0383fc00 00000000 03801f30 01b0e978 ........0...x...
0x004ffc58: 00000068 0000006f 01326358 03801f30 h...o...Xc2.0...
0x004ffc68: 01b0e978 00000010 00000010 7fffffff x...............
0x004ffc78: 00000000 01bca498 03801968 00000010 ........h.......
0x004ffc88: 004ffc00 004ffcbc 01323018 03801f30 ..O...O..02.0...
0x004ffc98: 01b0e978 0383fe30 004ffcac 7fffffff x...0.....O.....
0x004ffca8: 00000000 00000069 0000006f 038005a8 ....i...o.......
0x004ffcb8: 0383bdf0 004ffcec 01314dcb 03801f30 ......O..M1.0...
0x004ffcc8: 0000005a 0000005f 004ffc0c 616e614d Z..._.....O.Mana
0x004ffcd8: 00646567 6c65746e 00000000 00000007 ged.ntel........
0x004ffce8: 0000000f 004ffcf8 03823a10 03823a48 ......O..:..H:..
0x004ffcf8: 03823a48 0000000d 01de4040 65646900 H:......@@...ide
0x004ffd08: 646e6957 6c00776f 004f006c 00000000 Window.ll.O.....
0x004ffd18: 0000000f 00000000 00000000 65726100 .............are
0x004ffd28: 5748746e 0100444e 00674012 00000000 ntHWND...@g.....
0x004ffd38: 0000000f 00000000 01de4040 01de4080 ........@@...@..
0x004ffd48: 00000000 00100801 004ffd68 012d8b08 ........h.O...-.
0x004ffd58: 00c20000 00000000 00674014 00000001 .........@g.....
0x004ffd68: 004ffdf8 01307fc8 00c20000 00000000 ..O...0.........
0x004ffd78: 00674014 00000001 45781911 0130801b .@g.......xE..0.
0x004ffd88: 0130801b 002ea000 00000044 0067235e ..0.....D...^#g.
0x004ffd98: 0067233e 0067228a 00000000 00000000 >#g.."g.........
0x004ffda8: 00000000 00000000 00000000 00000000 ................
0x004ffdb8: 00000000 00000401 00000001 00000000 ................
0x004ffdc8: 00000000 0001009b 00000000 c0000005 ................
0x004ffdd8: 0130801b 00000000 004ffd80 004ff59c ..0.......O...O.
0x004ffde8: 004ffe44 01309ba0 44800011 00000000 D.O...0....D....
0x004ffdf8: 004ffe0c 777e62c4 002ea000 777e62a0 ..O..b~w.....b~w
0x004ffe08: 029f7a0d 004ffe54 77d00609 002ea000 .z..T.O....w....
0x004ffe18: 0061c1d0 00000000 00000000 002ea000 ..a.............
0x004ffe28: c0000005 00000000 004ff57c 7702d6b0 ........|.O....w
0x004ffe38: 0061c1d0 004ffe18 004ff57c 004ffe5c ..a...O.|.O.\.O.
0x004ffe48: 77d15de0 77f742c4 00000000 004ffe64 .].w.B.w....d.O.
0x004ffe58: 77d005d4 ffffffff 77d22541 00000000 ...w....A%.w....
0x004ffe68: 00000000 0130801b 002ea000 00000000 ......0.........
0x004ffe78: 00000000 00000000 00000000 00000000 ................
0x004ffe88: 00000000 00000000 00000000 00000000 ................
0x004ffe98: 00000000 00000000 00000000 00000000 ................
0x004ffea8: 00000000 00000000 00000000 00000000 ................
0x004ffeb8: 00000000 00000000 00000000 00000000 ................
0x004ffec8: 00000000 00000000 00000000 00000000 ................
0x004ffed8: 00000000 00000000 00000000 00000000 ................
0x004ffee8: 00000000 00000000 00000000 00000000 ................
0x004ffef8: 00000000 00000000 00000000 00000000 ................
0x004fff08: 00000000 00000000 00000000 00000000 ................
0x004fff18: 00000000 00000000 00000000 00000000 ................
0x004fff28: 00000000 00000000 00000000 00000000 ................
0x004fff38: 00000000 00000000 00000000 00000000 ................
0x004fff48: 00000000 00000000 00000000 00000000 ................
0x004fff58: 00000000 00000000 00000000 00000000 ................
0x004fff68: 00000000 00000000 00000000 00000000 ................
0x004fff78: 00000000 00000000 00000000 00000000 ................
0x004fff88: 00000000 00000000 00000000 00000000 ................
0x004fff98: 00000000 00000000 00000000 00000000 ................
0x004fffa8: 00000000 00000000 00000000 00000000 ................
0x004fffb8: 00000000 00000000 00000000 00000000 ................
0x004fffc8: 00000000 00000000 00000000 00000000 ................
0x004fffd8: 00000000 00000000 00000000 00000000 ................
0x004fffe8: 00000000 00000000 00000000 00000000 ................
0x004ffff8: 00000000 00000000                   ........

Module 1
C:\Users\Jeremy M. Barker\Documents\GitHub\HuskyGamesProject\BulletHellHGD\gameTest00.exe
Image Base: 0x00c20000  Image Size: 0x011b3000
File Size:  17711616    File Time:  2016-07-26_192550
Version:
   Company:    
   Product:    
   FileDesc:   
   FileVer:    5.4.0.55511
   ProdVer:    5.4.0.55511

Module 2
C:\Users\Jeremy M. Barker\Documents\GitHub\HuskyGamesProject\BulletHellHGD\gameTest00_Data\Mono\mono.dll
Image Base: 0x10000000  Image Size: 0x00230000
File Size:  2114520     File Time:  2016-07-26_193128
Version:
   Company:    Unity Technologies
   Product:    libmono
   FileDesc:   Unity Technologies fork of mono runtime
   FileVer:    1.0.0.1
   ProdVer:    1.0.0.1

Module 3
C:\WINDOWS\SYSTEM32\MSACM32.dll
Image Base: 0x5bac0000  Image Size: 0x00018000
File Size:  90912       File Time:  2016-07-16_074250
Version:
   Company:    Microsoft Corporation
   Product:    Microsoft® Windows® Operating System
   FileDesc:   Microsoft ACM Audio Filter
   FileVer:    10.0.14393.0
   ProdVer:    10.0.14393.0

Module 4
C:\PROGRA~2\RAPTRI~1\PlaysTV\ltc_help32-116096.dll
Image Base: 0x5e840000  Image Size: 0x00026000
File Size:  138448      File Time:  2016-09-06_193552
Version:
   Company:    Raptr Inc.
   Product:    Raptr In-Game Overlay
   FileDesc:   Help Module
   FileVer:    1.0.0.1
   ProdVer:    1.0.0.1

Module 5
C:\WINDOWS\WinSxS\x86_microsoft.windows.common-controls_6595b64144ccf1df_6.0.14393.0_none_74bc87d3d22d9abe\comctl32.dll
Image Base: 0x60560000  Image Size: 0x0020a000
File Size:  2121568     File Time:  2016-07-16_074306
Version:
   Company:    Microsoft Corporation
   Product:    Microsoft® Windows® Operating System
   FileDesc:   User Experience Controls Library
   FileVer:    6.10.14393.0
   ProdVer:    10.0.14393.0

Module 6
C:\WINDOWS\SYSTEM32\wintypes.dll
Image Base: 0x64160000  Image Size: 0x000cf000
File Size:  846560      File Time:  2016-09-07_011558
Version:
   Company:    Microsoft Corporation
   Product:    Microsoft® Windows® Operating System
   FileDesc:   Windows Base Types DLL
   FileVer:    10.0.14393.187
   ProdVer:    10.0.14393.187

Module 7
C:\PROGRA~2\RAPTRI~1\PlaysTV\ltc_game32-116096.dll
Image Base: 0x67940000  Image Size: 0x001d7000
File Size:  1831120     File Time:  2016-09-06_193552
Version:
   Company:    Raptr Inc.
   Product:    Raptr In-Game Overlay
   FileDesc:   Game Module
   FileVer:    1.0.0.1
   ProdVer:    1.0.0.1

Module 8
C:\WINDOWS\System32\PROPSYS.dll
Image Base: 0x67b20000  Image Size: 0x0014f000
File Size:  1375456     File Time:  2016-07-16_074256
Version:
   Company:    Microsoft Corporation
   Product:    Windows® Search
   FileDesc:   Microsoft Property System
   FileVer:    7.0.14393.0
   ProdVer:    7.0.14393.0

Module 9
C:\WINDOWS\System32\MMDevApi.dll
Image Base: 0x67cc0000  Image Size: 0x00058000
File Size:  352768      File Time:  2016-07-16_074250
Version:
   Company:    Microsoft Corporation
   Product:    Microsoft® Windows® Operating System
   FileDesc:   MMDevice API
   FileVer:    10.0.14393.0
   ProdVer:    10.0.14393.0

Module 10
C:\WINDOWS\SYSTEM32\d3d11.dll
Image Base: 0x67e00000  Image Size: 0x00230000
File Size:  2277800     File Time:  2016-07-16_074250
Version:
   Company:    Microsoft Corporation
   Product:    Microsoft® Windows® Operating System
   FileDesc:   Direct3D 11 Runtime
   FileVer:    10.0.14393.0
   ProdVer:    10.0.14393.0

Module 11
C:\PROGRA~2\RAPTRI~1\Raptr\ltc_help32-115528.dll
Image Base: 0x6be80000  Image Size: 0x00025000
File Size:  134912      File Time:  2016-08-19_133646
Version:
   Company:    Raptr Inc.
   Product:    Raptr In-Game Overlay
   FileDesc:   Help Module
   FileVer:    1.0.0.1
   ProdVer:    1.0.0.1

Module 12
C:\WINDOWS\SYSTEM32\dxgi.dll
Image Base: 0x6bee0000  Image Size: 0x00084000
File Size:  527880      File Time:  2016-07-16_074250
Version:
   Company:    Microsoft Corporation
   Product:    Microsoft® Windows® Operating System
   FileDesc:   DirectX Graphics Infrastructure
   FileVer:    10.0.14393.0
   ProdVer:    10.0.14393.0

Module 13
C:\WINDOWS\SYSTEM32\ksuser.dll
Image Base: 0x6c000000  Image Size: 0x00007000
File Size:  20672       File Time:  2016-07-16_074250
Version:
   Company:    Microsoft Corporation
   Product:    Microsoft® Windows® Operating System
   FileDesc:   User CSA Library
   FileVer:    10.0.14393.0
   ProdVer:    10.0.14393.0

Module 14
C:\PROGRA~2\RAPTRI~1\Raptr\ltc_game32-115528.dll
Image Base: 0x6dce0000  Image Size: 0x001d7000
File Size:  1834240     File Time:  2016-08-19_133646
Version:
   Company:    Raptr Inc.
   Product:    Raptr In-Game Overlay
   FileDesc:   Game Module
   FileVer:    1.0.0.1
   ProdVer:    1.0.0.1

Module 15
C:\WINDOWS\system32\wbem\fastprox.dll
Image Base: 0x6e380000  Image Size: 0x000c2000
File Size:  779776      File Time:  2016-07-16_074258
Version:
   Company:    Microsoft Corporation
   Product:    Microsoft® Windows® Operating System
   FileDesc:   WMI Custom Marshaller
   FileVer:    10.0.14393.0
   ProdVer:    10.0.14393.0

Module 16
C:\WINDOWS\SYSTEM32\wbemcomn.dll
Image Base: 0x6e4b0000  Image Size: 0x00067000
File Size:  391168      File Time:  2016-07-16_074258
Version:
   Company:    Microsoft Corporation
   Product:    Microsoft® Windows® Operating System
   FileDesc:   WMI
   FileVer:    10.0.14393.0
   ProdVer:    10.0.14393.0

Module 17
C:\WINDOWS\SYSTEM32\AUDIOSES.DLL
Image Base: 0x6e5b0000  Image Size: 0x0007b000
File Size:  484584      File Time:  2016-09-07_021016
Version:
   Company:    Microsoft Corporation
   Product:    Microsoft® Windows® Operating System
   FileDesc:   Audio Session
   FileVer:    10.0.14393.187
   ProdVer:    10.0.14393.187

Module 18
C:\WINDOWS\SYSTEM32\wdmaud.drv
Image Base: 0x6e630000  Image Size: 0x00039000
File Size:  207360      File Time:  2016-07-16_074250
Version:
   Company:    Microsoft Corporation
   Product:    Microsoft® Windows® Operating System
   FileDesc:   Winmm  audio system driver
   FileVer:    10.0.14393.0
   ProdVer:    10.0.14393.0

Module 19
C:\WINDOWS\system32\wbem\wbemsvc.dll
Image Base: 0x6ebe0000  Image Size: 0x00010000
File Size:  48640       File Time:  2016-07-16_074258
Version:
   Company:    Microsoft Corporation
   Product:    Microsoft® Windows® Operating System
   FileDesc:   WMI
   FileVer:    10.0.14393.0
   ProdVer:    10.0.14393.0

Module 20
C:\WINDOWS\system32\wbem\wbemprox.dll
Image Base: 0x6ec10000  Image Size: 0x0000d000
File Size:  35328       File Time:  2016-07-16_074258
Version:
   Company:    Microsoft Corporation
   Product:    Microsoft® Windows® Operating System
   FileDesc:   WMI
   FileVer:    10.0.14393.0
   ProdVer:    10.0.14393.0

Module 21
C:\Windows\System32\cryptnet.dll
Image Base: 0x6ec20000  Image Size: 0x00025000
File Size:  134656      File Time:  2016-07-16_074256
Version:
   Company:    Microsoft Corporation
   Product:    Microsoft® Windows® Operating System
   FileDesc:   Crypto Network Related API
   FileVer:    10.0.14393.0
   ProdVer:    10.0.14393.0

Module 22
C:\WINDOWS\SYSTEM32\gpapi.dll
Image Base: 0x6ec50000  Image Size: 0x0001f000
File Size:  112120      File Time:  2016-07-16_074248
Version:
   Company:    Microsoft Corporation
   Product:    Microsoft® Windows® Operating System
   FileDesc:   Group Policy Client API
   FileVer:    10.0.14393.0
   ProdVer:    10.0.14393.0

Module 23
C:\WINDOWS\system32\apphelp.dll
Image Base: 0x6ec70000  Image Size: 0x00092000
File Size:  581120      File Time:  2016-07-16_074246
Version:
   Company:    Microsoft Corporation
   Product:    Microsoft® Windows® Operating System
   FileDesc:   Application Compatibility Client Library
   FileVer:    10.0.14393.0
   ProdVer:    10.0.14393.0

Module 24
C:\WINDOWS\system32\dwmapi.dll
Image Base: 0x6ed10000  Image Size: 0x0001f000
File Size:  114016      File Time:  2016-07-16_074250
Version:
   Company:    Microsoft Corporation
   Product:    Microsoft® Windows® Operating System
   FileDesc:   Microsoft Desktop Window Manager API
   FileVer:    10.0.14393.0
   ProdVer:    10.0.14393.0

Module 25
C:\WINDOWS\SYSTEM32\dbghelp.dll
Image Base: 0x6f4f0000  Image Size: 0x00145000
File Size:  1220608     File Time:  2016-07-16_074258
Version:
   Company:    Microsoft
   Product:    Microsoft® Windows® Operating System
   FileDesc:   Windows Image Helper
   FileVer:    10.0.14321.1024
   ProdVer:    10.0.14321.1024

Module 26
C:\WINDOWS\SYSTEM32\ntmarta.dll
Image Base: 0x6f6c0000  Image Size: 0x00028000
File Size:  154432      File Time:  2016-07-16_074256
Version:
   Company:    Microsoft Corporation
   Product:    Microsoft® Windows® Operating System
   FileDesc:   Windows NT MARTA provider
   FileVer:    10.0.14393.0
   ProdVer:    10.0.14393.0

Module 27
C:\WINDOWS\SYSTEM32\WINMMBASE.dll
Image Base: 0x6fd30000  Image Size: 0x00023000
File Size:  131208      File Time:  2016-07-16_074250
Version:
   Company:    Microsoft Corporation
   Product:    Microsoft® Windows® Operating System
   FileDesc:   Base Multimedia Extension API DLL
   FileVer:    10.0.14393.0
   ProdVer:    10.0.14393.0

Module 28
C:\WINDOWS\SYSTEM32\WINMM.dll
Image Base: 0x6fe80000  Image Size: 0x00024000
File Size:  135376      File Time:  2016-07-16_074250
Version:
   Company:    Microsoft Corporation
   Product:    Microsoft® Windows® Operating System
   FileDesc:   MCI API DLL
   FileVer:    10.0.14393.0
   ProdVer:    10.0.14393.0

Module 29
C:\WINDOWS\SYSTEM32\midimap.dll
Image Base: 0x70000000  Image Size: 0x00008000
File Size:  18944       File Time:  2016-07-16_074250
Version:
   Company:    Microsoft Corporation
   Product:    Microsoft® Windows® Operating System
   FileDesc:   Microsoft MIDI Mapper
   FileVer:    10.0.14393.0
   ProdVer:    10.0.14393.0

Module 30
C:\WINDOWS\SYSTEM32\msacm32.drv
Image Base: 0x70010000  Image Size: 0x0000a000
File Size:  24576       File Time:  2016-07-16_074250
Version:
   Company:    Microsoft Corporation
   Product:    Microsoft® Windows® Operating System
   FileDesc:   Microsoft Sound Mapper
   FileVer:    10.0.14393.0
   ProdVer:    10.0.14393.0

Module 31
C:\WINDOWS\SYSTEM32\AVRT.dll
Image Base: 0x701e0000  Image Size: 0x00009000
File Size:  29448       File Time:  2016-07-16_074250
Version:
   Company:    Microsoft Corporation
   Product:    Microsoft® Windows® Operating System
   FileDesc:   Multimedia Realtime Runtime
   FileVer:    10.0.14393.0
   ProdVer:    10.0.14393.0

Module 32
C:\WINDOWS\System32\DEVOBJ.dll
Image Base: 0x701f0000  Image Size: 0x00022000
File Size:  132232      File Time:  2016-07-16_074256
Version:
   Company:    Microsoft Corporation
   Product:    Microsoft® Windows® Operating System
   FileDesc:   Device Information Set DLL
   FileVer:    10.0.14393.0
   ProdVer:    10.0.14393.0

Module 33
C:\WINDOWS\SYSTEM32\HID.DLL
Image Base: 0x70250000  Image Size: 0x0000a000
File Size:  25600       File Time:  2016-07-16_074250
Version:
   Company:    Microsoft Corporation
   Product:    Microsoft® Windows® Operating System
   FileDesc:   Hid User Library
   FileVer:    10.0.14393.0
   ProdVer:    10.0.14393.0

Module 34
C:\WINDOWS\system32\uxtheme.dll
Image Base: 0x70310000  Image Size: 0x00075000
File Size:  457728      File Time:  2016-07-16_074306
Version:
   Company:    Microsoft Corporation
   Product:    Microsoft® Windows® Operating System
   FileDesc:   Microsoft UxTheme Library
   FileVer:    10.0.14393.0
   ProdVer:    10.0.14393.0

Module 35
C:\WINDOWS\SYSTEM32\dhcpcsvc.DLL
Image Base: 0x70390000  Image Size: 0x00014000
File Size:  63488       File Time:  2016-07-16_074256
Version:
   Company:    Microsoft Corporation
   Product:    Microsoft® Windows® Operating System
   FileDesc:   DHCP Client Service
   FileVer:    10.0.14393.0
   ProdVer:    10.0.14393.0

Module 36
C:\WINDOWS\SYSTEM32\dhcpcsvc6.DLL
Image Base: 0x703b0000  Image Size: 0x00013000
File Size:  57344       File Time:  2016-07-16_074256
Version:
   Company:    Microsoft Corporation
   Product:    Microsoft® Windows® Operating System
   FileDesc:   DHCPv6 Client
   FileVer:    10.0.14393.0
   ProdVer:    10.0.14393.0

Module 37
C:\WINDOWS\System32\fwpuclnt.dll
Image Base: 0x708a0000  Image Size: 0x00049000
File Size:  279040      File Time:  2016-07-16_074256
Version:
   Company:    Microsoft Corporation
   Product:    Microsoft® Windows® Operating System
   FileDesc:   FWP/IPsec User-Mode API
   FileVer:    10.0.14393.0
   ProdVer:    10.0.14393.0

Module 38
C:\Windows\System32\rasadhlp.dll
Image Base: 0x71590000  Image Size: 0x00008000
File Size:  13312       File Time:  2016-07-16_074302
Version:
   Company:    Microsoft Corporation
   Product:    Microsoft® Windows® Operating System
   FileDesc:   Remote Access AutoDial Helper
   FileVer:    10.0.14393.0
   ProdVer:    10.0.14393.0

Module 39
C:\Program Files (x86)\Bonjour\mdnsNSP.dll
Image Base: 0x715d0000  Image Size: 0x00021000
File Size:  122128      File Time:  2015-08-12_160338
Version:
   Company:    Apple Inc.
   Product:    Bonjour
   FileDesc:   Bonjour Namespace Provider
   FileVer:    3.1.0.1
   ProdVer:    3.1.0.1

Module 40
C:\WINDOWS\SYSTEM32\MSWSOCK.dll
Image Base: 0x717c0000  Image Size: 0x0004e000
File Size:  306016      File Time:  2016-07-16_074256
Version:
   Company:    Microsoft Corporation
   Product:    Microsoft® Windows® Operating System
   FileDesc:   Microsoft Windows Sockets 2.0 Service Provider
   FileVer:    10.0.14393.0
   ProdVer:    10.0.14393.0

Module 41
C:\WINDOWS\SYSTEM32\DCIMAN32.dll
Image Base: 0x71810000  Image Size: 0x00007000
File Size:  11776       File Time:  2016-07-16_074250
Version:
   Company:    Microsoft Corporation
   Product:    Microsoft® Windows® Operating System
   FileDesc:   DCI Manager
   FileVer:    10.0.14393.0
   ProdVer:    10.0.14393.0

Module 42
C:\WINDOWS\SYSTEM32\DDRAW.dll
Image Base: 0x71820000  Image Size: 0x000ed000
File Size:  547840      File Time:  2016-07-16_074306
Version:
   Company:    Microsoft Corporation
   Product:    Microsoft® Windows® Operating System
   FileDesc:   Microsoft DirectDraw
   FileVer:    10.0.14393.0
   ProdVer:    10.0.14393.0

Module 43
C:\WINDOWS\SYSTEM32\GLU32.dll
Image Base: 0x71910000  Image Size: 0x00025000
File Size:  141312      File Time:  2016-07-16_074306
Version:
   Company:    Microsoft Corporation
   Product:    Microsoft® Windows® Operating System
   FileDesc:   OpenGL Utility Library DLL
   FileVer:    10.0.14393.0
   ProdVer:    10.0.14393.0

Module 44
C:\WINDOWS\SYSTEM32\OPENGL32.dll
Image Base: 0x72100000  Image Size: 0x000e0000
File Size:  786944      File Time:  2016-07-16_074306
Version:
   Company:    Microsoft Corporation
   Product:    Microsoft® Windows® Operating System
   FileDesc:   OpenGL Client DLL
   FileVer:    10.0.14393.0
   ProdVer:    10.0.14393.0

Module 45
C:\WINDOWS\SYSTEM32\WINNSI.DLL
Image Base: 0x73070000  Image Size: 0x00008000
File Size:  26848       File Time:  2016-07-16_074228
Version:
   Company:    Microsoft Corporation
   Product:    Microsoft® Windows® Operating System
   FileDesc:   Network Store Information RPC interface
   FileVer:    10.0.14393.0
   ProdVer:    10.0.14393.0

Module 46
C:\WINDOWS\system32\rsaenh.dll
Image Base: 0x73c40000  Image Size: 0x0002f000
File Size:  184416      File Time:  2016-07-16_074256
Version:
   Company:    Microsoft Corporation
   Product:    Microsoft® Windows® Operating System
   FileDesc:   Microsoft Enhanced Cryptographic Provider
   FileVer:    10.0.14393.0
   ProdVer:    10.0.14393.0

Module 47
C:\WINDOWS\SYSTEM32\bcrypt.dll
Image Base: 0x73c70000  Image Size: 0x0001b000
File Size:  106896      File Time:  2016-07-16_074256
Version:
   Company:    Microsoft Corporation
   Product:    Microsoft® Windows® Operating System
   FileDesc:   Windows Cryptographic Primitives Library
   FileVer:    10.0.14393.0
   ProdVer:    10.0.14393.0

Module 48
C:\WINDOWS\System32\CRYPTSP.dll
Image Base: 0x73cb0000  Image Size: 0x00013000
File Size:  68720       File Time:  2016-07-16_074256
Version:
   Company:    Microsoft Corporation
   Product:    Microsoft® Windows® Operating System
   FileDesc:   Cryptographic Service Provider API
   FileVer:    10.0.14393.0
   ProdVer:    10.0.14393.0

Module 49
C:\WINDOWS\SYSTEM32\DNSAPI.dll
Image Base: 0x74250000  Image Size: 0x0007c000
File Size:  496872      File Time:  2016-07-16_074256
Version:
   Company:    Microsoft Corporation
   Product:    Microsoft® Windows® Operating System
   FileDesc:   DNS Client API DLL
   FileVer:    10.0.14393.0
   ProdVer:    10.0.14393.0

Module 50
C:\WINDOWS\SYSTEM32\WINHTTP.dll
Image Base: 0x742d0000  Image Size: 0x0009f000
File Size:  631808      File Time:  2016-07-16_074256
Version:
   Company:    Microsoft Corporation
   Product:    Microsoft® Windows® Operating System
   FileDesc:   Windows HTTP Services
   FileVer:    10.0.14393.0
   ProdVer:    10.0.14393.0

Module 51
C:\WINDOWS\SYSTEM32\IPHLPAPI.DLL
Image Base: 0x74370000  Image Size: 0x0002f000
File Size:  184416      File Time:  2016-07-16_074256
Version:
   Company:    Microsoft Corporation
   Product:    Microsoft® Windows® Operating System
   FileDesc:   IP Helper API
   FileVer:    10.0.14393.0
   ProdVer:    10.0.14393.0

Module 52
C:\WINDOWS\SYSTEM32\VERSION.dll
Image Base: 0x743a0000  Image Size: 0x00008000
File Size:  27360       File Time:  2016-07-16_074306
Version:
   Company:    Microsoft Corporation
   Product:    Microsoft® Windows® Operating System
   FileDesc:   Version Checking and File Installation Libraries
   FileVer:    10.0.14393.0
   ProdVer:    10.0.14393.0

Module 53
C:\WINDOWS\System32\CRYPTBASE.dll
Image Base: 0x74750000  Image Size: 0x0000a000
File Size:  31528       File Time:  2016-07-16_074250
Version:
   Company:    Microsoft Corporation
   Product:    Microsoft® Windows® Operating System
   FileDesc:   Base cryptographic API DLL
   FileVer:    10.0.14393.0
   ProdVer:    10.0.14393.0

Module 54
C:\WINDOWS\System32\SspiCli.dll
Image Base: 0x74760000  Image Size: 0x0001e000
File Size:  117240      File Time:  2016-09-07_010758
Version:
   Company:    Microsoft Corporation
   Product:    Microsoft® Windows® Operating System
   FileDesc:   Security Support Provider Interface
   FileVer:    10.0.14393.187
   ProdVer:    10.0.14393.187

Module 55
C:\WINDOWS\System32\windows.storage.dll
Image Base: 0x74780000  Image Size: 0x0056e000
File Size:  5721808     File Time:  2016-09-07_011756
Version:
   Company:    Microsoft Corporation
   Product:    Microsoft® Windows® Operating System
   FileDesc:   Microsoft WinRT Storage API
   FileVer:    10.0.14393.187
   ProdVer:    10.0.14393.187

Module 56
C:\WINDOWS\System32\MSASN1.dll
Image Base: 0x74cf0000  Image Size: 0x0000e000
File Size:  49080       File Time:  2016-07-16_074256
Version:
   Company:    Microsoft Corporation
   Product:    Microsoft® Windows® Operating System
   FileDesc:   ASN.1 Runtime APIs
   FileVer:    10.0.14393.0
   ProdVer:    10.0.14393.0

Module 57
C:\WINDOWS\System32\msvcp_win.dll
Image Base: 0x74d00000  Image Size: 0x0007b000
File Size:  498408      File Time:  2016-07-16_074256
Version:
   Company:    Microsoft Corporation
   Product:    Microsoft® Windows® Operating System
   FileDesc:   Microsoft® C Runtime Library
   FileVer:    10.0.14393.0
   ProdVer:    10.0.14393.0

Module 58
C:\WINDOWS\System32\imagehlp.dll
Image Base: 0x74d80000  Image Size: 0x00019000
File Size:  93984       File Time:  2016-07-16_074228
Version:
   Company:    Microsoft Corporation
   Product:    Microsoft® Windows® Operating System
   FileDesc:   Windows NT Image Helper
   FileVer:    10.0.14393.0
   ProdVer:    10.0.14393.0

Module 59
C:\WINDOWS\System32\ole32.dll
Image Base: 0x74e40000  Image Size: 0x000ea000
File Size:  959104      File Time:  2016-09-07_011304
Version:
   Company:    Microsoft Corporation
   Product:    Microsoft® Windows® Operating System
   FileDesc:   Microsoft OLE for Windows
   FileVer:    10.0.14393.187
   ProdVer:    10.0.14393.187

Module 60
C:\WINDOWS\System32\shcore.dll
Image Base: 0x74f90000  Image Size: 0x00088000
File Size:  549088      File Time:  2016-07-16_074244
Version:
   Company:    Microsoft Corporation
   Product:    Microsoft® Windows® Operating System
   FileDesc:   SHCORE
   FileVer:    10.0.14393.0
   ProdVer:    10.0.14393.0

Module 61
C:\WINDOWS\System32\kernel.appcore.dll
Image Base: 0x75020000  Image Size: 0x0000d000
File Size:  43416       File Time:  2016-07-16_074256
Version:
   Company:    Microsoft Corporation
   Product:    Microsoft® Windows® Operating System
   FileDesc:   AppModel API Host
   FileVer:    10.0.14393.0
   ProdVer:    10.0.14393.0

Module 62
C:\WINDOWS\System32\cfgmgr32.dll
Image Base: 0x75030000  Image Size: 0x00036000
File Size:  213848      File Time:  2016-07-16_074256
Version:
   Company:    Microsoft Corporation
   Product:    Microsoft® Windows® Operating System
   FileDesc:   Configuration Manager DLL
   FileVer:    10.0.14393.0
   ProdVer:    10.0.14393.0

Module 63
C:\WINDOWS\System32\SHELL32.dll
Image Base: 0x751f0000  Image Size: 0x013d7000
File Size:  20965248    File Time:  2016-09-07_011302
Version:
   Company:    Microsoft Corporation
   Product:    Microsoft® Windows® Operating System
   FileDesc:   Windows Shell Common Dll
   FileVer:    10.0.14393.187
   ProdVer:    10.0.14393.187

Module 64
C:\WINDOWS\System32\SHLWAPI.dll
Image Base: 0x765d0000  Image Size: 0x00046000
File Size:  284056      File Time:  2016-07-16_074304
Version:
   Company:    Microsoft Corporation
   Product:    Microsoft® Windows® Operating System
   FileDesc:   Shell Light-weight Utility Library
   FileVer:    10.0.14393.0
   ProdVer:    10.0.14393.0

Module 65
C:\WINDOWS\System32\ucrtbase.dll
Image Base: 0x76620000  Image Size: 0x000e0000
File Size:  918304      File Time:  2016-07-16_074256
Version:
   Company:    Microsoft Corporation
   Product:    Microsoft® Windows® Operating System
   FileDesc:   Microsoft® C Runtime Library
   FileVer:    10.0.14393.0
   ProdVer:    10.0.14393.0

Module 66
C:\WINDOWS\System32\RPCRT4.dll
Image Base: 0x767c0000  Image Size: 0x000c1000
File Size:  790760      File Time:  2016-09-10_144134
Version:
   Company:    Microsoft Corporation
   Product:    Microsoft® Windows® Operating System
   FileDesc:   Remote Procedure Call Runtime
   FileVer:    10.0.14393.82
   ProdVer:    10.0.14393.82

Module 67
C:\WINDOWS\System32\PSAPI.DLL
Image Base: 0x76890000  Image Size: 0x00006000
File Size:  17048       File Time:  2016-07-16_074246
Version:
   Company:    Microsoft Corporation
   Product:    Microsoft® Windows® Operating System
   FileDesc:   Process Status Helper
   FileVer:    10.0.14393.0
   ProdVer:    10.0.14393.0

Module 68
C:\WINDOWS\System32\clbcatq.dll
Image Base: 0x768a0000  Image Size: 0x00084000
File Size:  528360      File Time:  2016-07-16_074248
Version:
   Company:    Microsoft Corporation
   Product:    Microsoft® Windows® Operating System
   FileDesc:   COM+ Configuration Catalog
   FileVer:    2001.12.10941.16384
   ProdVer:    10.0.14393.0

Module 69
C:\WINDOWS\System32\sechost.dll
Image Base: 0x76930000  Image Size: 0x00041000
File Size:  255168      File Time:  2016-07-16_074250
Version:
   Company:    Microsoft Corporation
   Product:    Microsoft® Windows® Operating System
   FileDesc:   Host for SCM/SDDL/LSA Lookup APIs
   FileVer:    10.0.14393.0
   ProdVer:    10.0.14393.0

Module 70
C:\WINDOWS\System32\combase.dll
Image Base: 0x76980000  Image Size: 0x00211000
File Size:  2166232     File Time:  2016-09-07_011552
Version:
   Company:    Microsoft Corporation
   Product:    Microsoft® Windows® Operating System
   FileDesc:   Microsoft COM for Windows
   FileVer:    10.0.14393.187
   ProdVer:    10.0.14393.187

Module 71
C:\WINDOWS\System32\profapi.dll
Image Base: 0x76ba0000  Image Size: 0x0000f000
File Size:  54752       File Time:  2016-07-16_074250
Version:
   Company:    Microsoft Corporation
   Product:    Microsoft® Windows® Operating System
   FileDesc:   User Profile Basic API
   FileVer:    10.0.14393.0
   ProdVer:    10.0.14393.0

Module 72
C:\WINDOWS\System32\GDI32.dll
Image Base: 0x76bb0000  Image Size: 0x0002b000
File Size:  170960      File Time:  2016-07-16_074250
Version:
   Company:    Microsoft Corporation
   Product:    Microsoft® Windows® Operating System
   FileDesc:   GDI Client DLL
   FileVer:    10.0.14393.0
   ProdVer:    10.0.14393.0

Module 73
C:\WINDOWS\System32\bcryptPrimitives.dll
Image Base: 0x76cd0000  Image Size: 0x0005a000
File Size:  367208      File Time:  2016-07-16_074228
Version:
   Company:    Microsoft Corporation
   Product:    Microsoft® Windows® Operating System
   FileDesc:   Windows Cryptographic Primitives Library
   FileVer:    10.0.14393.0
   ProdVer:    10.0.14393.0

Module 74
C:\WINDOWS\System32\CRYPT32.dll
Image Base: 0x76d30000  Image Size: 0x0017d000
File Size:  1556200     File Time:  2016-07-16_074256
Version:
   Company:    Microsoft Corporation
   Product:    Microsoft® Windows® Operating System
   FileDesc:   Crypto API32
   FileVer:    10.0.14393.0
   ProdVer:    10.0.14393.0

Module 75
C:\WINDOWS\System32\win32u.dll
Image Base: 0x76eb0000  Image Size: 0x00015000
File Size:  79536       File Time:  2016-08-02_004722
Version:
   Company:    Microsoft Corporation
   Product:    Microsoft® Windows® Operating System
   FileDesc:   Win32u
   FileVer:    10.0.14393.51
   ProdVer:    10.0.14393.51

Module 76
C:\WINDOWS\System32\KERNELBASE.dll
Image Base: 0x76ed0000  Image Size: 0x001a1000
File Size:  1707512     File Time:  2016-09-07_013040
Version:
   Company:    Microsoft Corporation
   Product:    Microsoft® Windows® Operating System
   FileDesc:   Windows NT BASE API Client DLL
   FileVer:    10.0.14393.187
   ProdVer:    10.0.14393.187

Module 77
C:\WINDOWS\System32\OLEAUT32.dll
Image Base: 0x77080000  Image Size: 0x00094000
File Size:  601200      File Time:  2016-09-07_013042
Version:
   Company:    Microsoft Corporation
   Product:    
   FileDesc:   
   FileVer:    10.0.14393.187
   ProdVer:    10.0.14393.187

Module 78
C:\WINDOWS\System32\WINTRUST.dll
Image Base: 0x77120000  Image Size: 0x00043000
File Size:  271664      File Time:  2016-07-16_074256
Version:
   Company:    Microsoft Corporation
   Product:    Microsoft® Windows® Operating System
   FileDesc:   Microsoft Trust Verification APIs
   FileVer:    10.0.14393.0
   ProdVer:    10.0.14393.0

Module 79
C:\WINDOWS\System32\IMM32.dll
Image Base: 0x77170000  Image Size: 0x00025000
File Size:  144632      File Time:  2016-07-16_074250
Version:
   Company:    Microsoft Corporation
   Product:    Microsoft® Windows® Operating System
   FileDesc:   Multi-User Windows IMM32 API Client DLL
   FileVer:    10.0.14393.0
   ProdVer:    10.0.14393.0

Module 80
C:\WINDOWS\System32\WS2_32.dll
Image Base: 0x771a0000  Image Size: 0x00063000
File Size:  403888      File Time:  2016-07-16_074250
Version:
   Company:    Microsoft Corporation
   Product:    Microsoft® Windows® Operating System
   FileDesc:   Windows Socket 2.0 32-Bit DLL
   FileVer:    10.0.14393.0
   ProdVer:    10.0.14393.0

Module 81
C:\WINDOWS\System32\powrprof.dll
Image Base: 0x77210000  Image Size: 0x00045000
File Size:  275832      File Time:  2016-07-16_074256
Version:
   Company:    Microsoft Corporation
   Product:    Microsoft® Windows® Operating System
   FileDesc:   Power Profile Helper DLL
   FileVer:    10.0.14393.0
   ProdVer:    10.0.14393.0

Module 82
C:\WINDOWS\System32\USER32.dll
Image Base: 0x77260000  Image Size: 0x0015f000
File Size:  1435896     File Time:  2016-09-10_144122
Version:
   Company:    Microsoft Corporation
   Product:    Microsoft® Windows® Operating System
   FileDesc:   Multi-User Windows USER API Client DLL
   FileVer:    10.0.14393.5
   ProdVer:    10.0.14393.5

Module 83
C:\WINDOWS\System32\KERNEL32.DLL
Image Base: 0x777d0000  Image Size: 0x000e0000
File Size:  616048      File Time:  2016-07-16_074246
Version:
   Company:    Microsoft Corporation
   Product:    Microsoft® Windows® Operating System
   FileDesc:   Windows NT BASE API Client DLL
   FileVer:    10.0.14393.0
   ProdVer:    10.0.14393.0

Module 84
C:\WINDOWS\System32\msvcrt.dll
Image Base: 0x778b0000  Image Size: 0x000be000
File Size:  773168      File Time:  2016-07-16_074250
Version:
   Company:    Microsoft Corporation
   Product:    Microsoft® Windows® Operating System
   FileDesc:   Windows NT CRT DLL
   FileVer:    7.0.14393.0
   ProdVer:    10.0.14393.0

Module 85
C:\WINDOWS\System32\ADVAPI32.dll
Image Base: 0x77970000  Image Size: 0x00077000
File Size:  482392      File Time:  2016-07-16_074250
Version:
   Company:    Microsoft Corporation
   Product:    Microsoft® Windows® Operating System
   FileDesc:   Advanced Windows 32 Base API
   FileVer:    10.0.14393.0
   ProdVer:    10.0.14393.0

Module 86
C:\WINDOWS\System32\gdi32full.dll
Image Base: 0x779f0000  Image Size: 0x0015b000
File Size:  1415752     File Time:  2016-07-16_074306
Version:
   Company:    Microsoft Corporation
   Product:    Microsoft® Windows® Operating System
   FileDesc:   GDI Client DLL
   FileVer:    10.0.14393.0
   ProdVer:    10.0.14393.0

Module 87
C:\WINDOWS\System32\NSI.dll
Image Base: 0x77b50000  Image Size: 0x00007000
File Size:  20152       File Time:  2016-07-16_074228
Version:
   Company:    Microsoft Corporation
   Product:    Microsoft® Windows® Operating System
   FileDesc:   NSI User-mode interface DLL
   FileVer:    10.0.14393.0
   ProdVer:    10.0.14393.0

Module 88
C:\WINDOWS\System32\MSCTF.dll
Image Base: 0x77b60000  Image Size: 0x00136000
File Size:  1264912     File Time:  2016-09-07_010910
Version:
   Company:    Microsoft Corporation
   Product:    Microsoft® Windows® Operating System
   FileDesc:   MSCTF Server DLL
   FileVer:    10.0.14393.187
   ProdVer:    10.0.14393.187

Module 89
C:\WINDOWS\SYSTEM32\ntdll.dll
Image Base: 0x77ca0000  Image Size: 0x00182000
File Size:  1570680     File Time:  2016-09-10_144134
Version:
   Company:    Microsoft Corporation
   Product:    Microsoft® Windows® Operating System
   FileDesc:   NT Layer DLL
   FileVer:    10.0.14393.103
   ProdVer:    10.0.14393.103


== [end of error.log] ==
